<?xml version="1.0" encoding="UTF-8"?>
<testng-results ignored="0" total="1" passed="1" failed="0" skipped="0">
  <reporter-output>
  </reporter-output>
  <suite started-at="2023-06-21T15:06:51 IST" name="Default suite" finished-at="2023-06-21T15:07:06 IST" duration-ms="15411">
    <groups>
    </groups>
    <test started-at="2023-06-21T15:06:51 IST" name="Default test" finished-at="2023-06-21T15:07:06 IST" duration-ms="15411">
      <class name="Test.Landing_Page_Test">
        <test-method is-config="true" signature="Pre_Condition()[pri:0, instance:Test.Landing_Page_Test@2b71e916]" started-at="2023-06-21T15:06:51 IST" name="Pre_Condition" finished-at="2023-06-21T15:07:02 IST" duration-ms="10834" status="PASS">
          <reporter-output>
          </reporter-output>
        </test-method> <!-- Pre_Condition -->
        <test-method signature="Form_Test()[pri:0, instance:Test.Landing_Page_Test@2b71e916]" started-at="2023-06-21T15:07:02 IST" name="Form_Test" finished-at="2023-06-21T15:07:06 IST" duration-ms="4068" status="PASS">
          <reporter-output>
          </reporter-output>
        </test-method> <!-- Form_Test -->
        <test-method is-config="true" signature="Post_Condition()[pri:0, instance:Test.Landing_Page_Test@2b71e916]" started-at="2023-06-21T15:07:06 IST" name="Post_Condition" finished-at="2023-06-21T15:07:06 IST" duration-ms="401" status="PASS">
          <reporter-output>
          </reporter-output>
        </test-method> <!-- Post_Condition -->
      </class> <!-- Test.Landing_Page_Test -->
    </test> <!-- Default test -->
  </suite> <!-- Default suite -->
</testng-results>
